1604992481545	mozrunner::runner	INFO	Running command: "C:\\\\Program Files\\\\Mozilla Firefox\\\\firefox.exe" "-marionette" "-foreground" "-no-remote" "-profile" "C:\\Users\\Muhammad Bilal\\AppData\\Local\\Temp\\rust_mozprofilezzpMSl"
1604993176584	mozrunner::runner	INFO	Running command: "C:\\\\Program Files\\\\Mozilla Firefox\\\\firefox.exe" "-marionette" "--disable-gpu" "-foreground" "-no-remote" "-profile" "C:\\Users\\Muhammad Bilal\\AppData\\Local\\Temp\\rust_mozprofilehnXecx"
JavaScript error: resource://gre/modules/XULStore.jsm, line 66: Error: Can't find profile directory.
console.warn: SearchSettings: "get: No settings file exists, new profile?" (new Error("", "(unknown module)"))
1604993180733	Marionette	INFO	Listening on port 64427
1604993180893	Marionette	WARN	TLS certificate errors will be ignored for this session
1604993439076	Marionette	INFO	Stopped listening on port 64427

###!!! [Child][RunMessage] Error: Channel closing: too late to send/recv, messages will be lost


###!!! [Child][MessageChannel::SendAndWait] Error: Channel error: cannot send/recv

1604993444024	mozrunner::runner	INFO	Running command: "C:\\\\Program Files\\\\Mozilla Firefox\\\\firefox.exe" "-marionette" "--disable-gpu" "-foreground" "-no-remote" "-profile" "C:\\Users\\Muhammad Bilal\\AppData\\Local\\Temp\\rust_mozprofileLeYt4A"
JavaScript error: resource://gre/modules/XULStore.jsm, line 66: Error: Can't find profile directory.
console.warn: SearchSettings: "get: No settings file exists, new profile?" (new Error("", "(unknown module)"))
1604993448160	Marionette	INFO	Listening on port 64528
1604993448288	Marionette	WARN	TLS certificate errors will be ignored for this session
1604993453311	Marionette	INFO	Stopped listening on port 64528
JavaScript error: resource://gre/modules/UrlClassifierListManager.jsm, line 691: TypeError: this.tablesData[table] is undefined

###!!! [Child][RunMessage] Error: Channel closing: too late to send/recv, messages will be lost


###!!! [Child][MessageChannel::SendAndWait] Error: Channel error: cannot send/recv

1604993588271	mozrunner::runner	INFO	Running command: "C:\\\\Program Files\\\\Mozilla Firefox\\\\firefox.exe" "-marionette" "--headless" "--disable-gpu" "-foreground" "-no-remote" "-profile" "C:\\Users\\Muhammad Bilal\\AppData\\Local\\Temp\\rust_mozprofileOlFopQ"
*** You are running in headless mode.
JavaScript error: resource://gre/modules/XULStore.jsm, line 66: Error: Can't find profile directory.
console.warn: SearchSettings: "get: No settings file exists, new profile?" (new Error("", "(unknown module)"))
1604993591440	Marionette	INFO	Listening on port 64634
1604993591920	Marionette	WARN	TLS certificate errors will be ignored for this session
1604993611313	Marionette	INFO	Stopped listening on port 64634
1604993642027	mozrunner::runner	INFO	Running command: "C:\\\\Program Files\\\\Mozilla Firefox\\\\firefox.exe" "-marionette" "--headless" "--disable-gpu" "-foreground" "-no-remote" "-profile" "C:\\Users\\Muhammad Bilal\\AppData\\Local\\Temp\\rust_mozprofileEfIhqA"
*** You are running in headless mode.
JavaScript error: resource://gre/modules/XULStore.jsm, line 66: Error: Can't find profile directory.
console.warn: SearchSettings: "get: No settings file exists, new profile?" (new Error("", "(unknown module)"))
1604993644886	Marionette	INFO	Listening on port 64720
1604993645190	Marionette	WARN	TLS certificate errors will be ignored for this session
1604993650332	Marionette	INFO	Stopped listening on port 64720
JavaScript error: resource://gre/modules/UrlClassifierListManager.jsm, line 691: TypeError: this.tablesData[table] is undefined
1605162287004	mozrunner::runner	INFO	Running command: "C:\\\\Program Files\\\\Mozilla Firefox\\\\firefox.exe" "-marionette" "--headless" "--disable-gpu" "-foreground" "-no-remote" "-profile" "C:\\Users\\Muhammad Bilal\\AppData\\Local\\Temp\\rust_mozprofilee5h3qS"
*** You are running in headless mode.
JavaScript error: resource://gre/modules/XULStore.jsm, line 66: Error: Can't find profile directory.
console.warn: SearchSettings: "get: No settings file exists, new profile?" (new Error("", "(unknown module)"))
1605162293268	Marionette	INFO	Listening on port 61351
1605162293721	Marionette	WARN	TLS certificate errors will be ignored for this session
1605162302775	Marionette	INFO	Stopped listening on port 61351
JavaScript error: resource://gre/modules/UrlClassifierListManager.jsm, line 691: TypeError: this.tablesData[table] is undefined
1605691376853	mozrunner::runner	INFO	Running command: "C:\\\\Program Files\\\\Mozilla Firefox\\\\firefox.exe" "-marionette" "--headless" "--disable-gpu" "-foreground" "-no-remote" "-profile" "C:\\Users\\Muhammad Bilal\\AppData\\Local\\Temp\\rust_mozprofile5V6Avv"
*** You are running in headless mode.
JavaScript error: resource://gre/modules/XULStore.jsm, line 66: Error: Can't find profile directory.
console.warn: SearchSettings: "get: No settings file exists, new profile?" (new Error("", "(unknown module)"))
1605691381076	Marionette	INFO	Listening on port 51561
1605691381635	Marionette	WARN	TLS certificate errors will be ignored for this session
1605691388679	Marionette	INFO	Stopped listening on port 51561
console.error: services.settings: 
  main/cfr-fxa Signature failed  TypeError: NetworkError when attempting to fetch resource.
JavaScript error: resource://gre/modules/UrlClassifierListManager.jsm, line 691: TypeError: this.tablesData[table] is undefined
JavaScript error: resource://gre/modules/Sqlite.jsm, line 1031: Error: Sqlite.jsm has been shutdown. Cannot open connection to: C:\Users\Muhammad Bilal\AppData\Local\Temp\rust_mozprofile5V6Avv\protections.sqlite
1607239864123	mozrunner::runner	INFO	Running command: "C:\\\\Program Files\\\\Mozilla Firefox\\\\firefox.exe" "-marionette" "--headless" "--disable-gpu" "-foreground" "-no-remote" "-profile" "C:\\Users\\Muhammad Bilal\\AppData\\Local\\Temp\\rust_mozprofileNaW8De"
*** You are running in headless mode.
JavaScript error: resource://gre/modules/XULStore.jsm, line 66: Error: Can't find profile directory.
console.warn: SearchSettings: "get: No settings file exists, new profile?" (new Error("", "(unknown module)"))
1607239871424	Marionette	INFO	Listening on port 58833
1607239871579	Marionette	WARN	TLS certificate errors will be ignored for this session
1607239881587	Marionette	INFO	Stopped listening on port 58833
1607239892998	mozrunner::runner	INFO	Running command: "C:\\\\Program Files\\\\Mozilla Firefox\\\\firefox.exe" "-marionette" "--headless" "--disable-gpu" "-foreground" "-no-remote" "-profile" "C:\\Users\\Muhammad Bilal\\AppData\\Local\\Temp\\rust_mozprofileqAod08"
*** You are running in headless mode.
JavaScript error: resource://gre/modules/XULStore.jsm, line 66: Error: Can't find profile directory.
console.warn: SearchSettings: "get: No settings file exists, new profile?" (new Error("", "(unknown module)"))
1607239898221	Marionette	INFO	Listening on port 58901
1607239898295	Marionette	WARN	TLS certificate errors will be ignored for this session
1607239905034	Marionette	INFO	Stopped listening on port 58901
console.log: "RemoteSettingsWorker error: AbortError: IndexedDB:  execute() A request was aborted, for example through a call to IDBTransaction.abort."
console.error: "Could not load engine google@search.mozilla.org: [Exception... \"AddonManager is not initialized\"  nsresult: \"0xc1f30001 (NS_ERROR_NOT_INITIALIZED)\"  location: \"JS frame :: resource://gre/modules/AddonManager.jsm :: installBuiltinAddon :: line 2550\"  data: no]"
console.error: "Could not load engine amazondotcom@search.mozilla.org: [Exception... \"AddonManager is not initialized\"  nsresult: \"0xc1f30001 (NS_ERROR_NOT_INITIALIZED)\"  location: \"JS frame :: resource://gre/modules/AddonManager.jsm :: installBuiltinAddon :: line 2550\"  data: no]"
console.log: "RemoteSettingsWorker error: AbortError: IndexedDB:  execute() A request was aborted, for example through a call to IDBTransaction.abort."
console.error: "Could not load engine ddg@search.mozilla.org: [Exception... \"AddonManager is not initialized\"  nsresult: \"0xc1f30001 (NS_ERROR_NOT_INITIALIZED)\"  location: \"JS frame :: resource://gre/modules/AddonManager.jsm :: installBuiltinAddon :: line 2550\"  data: no]"
console.error: "Could not load engine bing@search.mozilla.org: [Exception... \"AddonManager is not initialized\"  nsresult: \"0xc1f30001 (NS_ERROR_NOT_INITIALIZED)\"  location: \"JS frame :: resource://gre/modules/AddonManager.jsm :: installBuiltinAddon :: line 2550\"  data: no]"
console.error: "Could not load engine wikipedia@search.mozilla.org: [Exception... \"AddonManager is not initialized\"  nsresult: \"0xc1f30001 (NS_ERROR_NOT_INITIALIZED)\"  location: \"JS frame :: resource://gre/modules/AddonManager.jsm :: installBuiltinAddon :: line 2550\"  data: no]"
console.warn: SearchService: "_init: abandoning init due to shutting down"
console.log: "RemoteSettingsWorker error: AbortError: IndexedDB:  execute() A request was aborted, for example through a call to IDBTransaction.abort."
JavaScript error: resource://gre/modules/AsyncShutdown.jsm, line 554: uncaught exception: 2147500036
JavaScript error: resource://gre/modules/AsyncShutdown.jsm, line 554: uncaught exception: 2147500036
JavaScript error: resource://gre/modules/AsyncShutdown.jsm, line 554: uncaught exception: 2147500036
JavaScript error: resource://gre/modules/AsyncShutdown.jsm, line 554: uncaught exception: 2147500036
JavaScript error: resource://gre/modules/AsyncShutdown.jsm, line 554: uncaught exception: 2147500036
JavaScript error: resource://gre/modules/AsyncShutdown.jsm, line 554: uncaught exception: 2147500036
JavaScript error: resource://gre/modules/AsyncShutdown.jsm, line 554: uncaught exception: 2147500036
console.log: "RemoteSettingsWorker error: AbortError: IndexedDB:  execute() A request was aborted, for example through a call to IDBTransaction.abort."
console.warn: services.settings: Error retrieving the getLastModified timestamp from blocklists/plugins RemoteSettingsClient Message: Error: IndexedDB: blocklists/plugins getLastModified() IndexedDB:  execute() The application is shutting down
console.log: "RemoteSettingsWorker error: AbortError: IndexedDB:  execute() A request was aborted, for example through a call to IDBTransaction.abort."
JavaScript error: resource://gre/modules/osfile/osfile_async_front.jsm, line 426: Error: OS.File has been shut down. Rejecting post to stat
1607329070338	mozrunner::runner	INFO	Running command: "C:\\\\Program Files\\\\Mozilla Firefox\\\\firefox.exe" "-marionette" "--headless" "--disable-gpu" "-foreground" "-no-remote" "-profile" "C:\\Users\\Muhammad Bilal\\AppData\\Local\\Temp\\rust_mozprofile5fwWit"
*** You are running in headless mode.
JavaScript error: resource://gre/modules/XULStore.jsm, line 66: Error: Can't find profile directory.
console.warn: SearchSettings: "get: No settings file exists, new profile?" (new Error("", "(unknown module)"))
1607329075781	Marionette	INFO	Listening on port 49891
1607329076123	Marionette	WARN	TLS certificate errors will be ignored for this session
1607329082590	Marionette	INFO	Stopped listening on port 49891

###!!! [Child][RunMessage] Error: Channel closing: too late to send/recv, messages will be lost

1607365012401	mozrunner::runner	INFO	Running command: "C:\\\\Program Files\\\\Mozilla Firefox\\\\firefox.exe" "-marionette" "--headless" "--disable-gpu" "-foreground" "-no-remote" "-profile" "C:\\Users\\Muhammad Bilal\\AppData\\Local\\Temp\\rust_mozprofileqb8HBd"
*** You are running in headless mode.
JavaScript error: resource://gre/modules/XULStore.jsm, line 66: Error: Can't find profile directory.
console.warn: SearchSettings: "get: No settings file exists, new profile?" (new Error("", "(unknown module)"))
1607365015934	Marionette	INFO	Listening on port 51913
1607365016061	Marionette	WARN	TLS certificate errors will be ignored for this session
1607365023817	Marionette	INFO	Stopped listening on port 51913
1608192427990	mozrunner::runner	INFO	Running command: "C:\\\\Program Files\\\\Mozilla Firefox\\\\firefox.exe" "-marionette" "--headless" "--disable-gpu" "-foreground" "-no-remote" "-profile" "C:\\Users\\Muhammad Bilal\\AppData\\Local\\Temp\\rust_mozprofileDrXbtf"
*** You are running in headless mode.
JavaScript error: resource://gre/modules/XULStore.jsm, line 66: Error: Can't find profile directory.
console.warn: SearchSettings: "get: No settings file exists, new profile?" (new Error("", "(unknown module)"))
1608192434862	Marionette	INFO	Listening on port 59048
1608192435934	Marionette	WARN	TLS certificate errors will be ignored for this session
1608192443526	Marionette	INFO	Stopped listening on port 59048
JavaScript error: resource://activity-stream/lib/ASRouter.jsm, line 987: NS_ERROR_ILLEGAL_VALUE: Component returned failure code: 0x80070057 (NS_ERROR_ILLEGAL_VALUE) [nsIObserverService.removeObserver]

###!!! [Child][MessageChannel] Error: (msgtype=0x3A0144,name=PContent::Msg_ScriptError) Channel closing: too late to send/recv, messages will be lost


###!!! [Child][MessageChannel] Error: (msgtype=0x3A0144,name=PContent::Msg_ScriptError) Channel closing: too late to send/recv, messages will be lost


###!!! [Child][MessageChannel] Error: (msgtype=0x3A0144,name=PContent::Msg_ScriptError) Channel closing: too late to send/recv, messages will be lost


###!!! [Child][MessageChannel] Error: (msgtype=0x3A0144,name=PContent::Msg_ScriptError) Channel closing: too late to send/recv, messages will be lost


###!!! [Child][RunMessage] Error: Channel closing: too late to send/recv, messages will be lost


###!!! [Child][MessageChannel] Error: (msgtype=0x3A0144,name=PContent::Msg_ScriptError) Channel closing: too late to send/recv, messages will be lost


###!!! [Child][MessageChannel] Error: (msgtype=0x3A0144,name=PContent::Msg_ScriptError) Channel closing: too late to send/recv, messages will be lost


###!!! [Child][MessageChannel] Error: (msgtype=0x3A0144,name=PContent::Msg_ScriptError) Channel closing: too late to send/recv, messages will be lost


###!!! [Child][MessageChannel] Error: (msgtype=0x3A0144,name=PContent::Msg_ScriptError) Channel closing: too late to send/recv, messages will be lost


###!!! [Child][RunMessage] Error: Channel closing: too late to send/recv, messages will be lost

1608192456200	mozrunner::runner	INFO	Running command: "C:\\\\Program Files\\\\Mozilla Firefox\\\\firefox.exe" "-marionette" "--headless" "--disable-gpu" "-foreground" "-no-remote" "-profile" "C:\\Users\\Muhammad Bilal\\AppData\\Local\\Temp\\rust_mozprofiledq2YBC"
*** You are running in headless mode.
JavaScript error: resource://gre/modules/XULStore.jsm, line 66: Error: Can't find profile directory.
console.warn: SearchSettings: "get: No settings file exists, new profile?" (new Error("", "(unknown module)"))
1608192462568	Marionette	INFO	Listening on port 59159
1608192463746	Marionette	WARN	TLS certificate errors will be ignored for this session
1608192467361	Marionette	INFO	Stopped listening on port 59159
JavaScript error: resource://activity-stream/lib/ASRouter.jsm, line 987: NS_ERROR_ILLEGAL_VALUE: Component returned failure code: 0x80070057 (NS_ERROR_ILLEGAL_VALUE) [nsIObserverService.removeObserver]
1608193070539	mozrunner::runner	INFO	Running command: "C:\\\\Program Files\\\\Mozilla Firefox\\\\firefox.exe" "-marionette" "--headless" "--disable-gpu" "-foreground" "-no-remote" "-profile" "C:\\Users\\Muhammad Bilal\\AppData\\Local\\Temp\\rust_mozprofileYOce7S"
*** You are running in headless mode.
JavaScript error: resource://gre/modules/XULStore.jsm, line 66: Error: Can't find profile directory.
console.warn: SearchSettings: "get: No settings file exists, new profile?" (new Error("", "(unknown module)"))
1608193077379	Marionette	INFO	Listening on port 60031
1608193077428	Marionette	WARN	TLS certificate errors will be ignored for this session
1608193083895	Marionette	INFO	Stopped listening on port 60031
JavaScript error: resource://activity-stream/lib/ASRouter.jsm, line 987: NS_ERROR_ILLEGAL_VALUE: Component returned failure code: 0x80070057 (NS_ERROR_ILLEGAL_VALUE) [nsIObserverService.removeObserver]
1608196016204	mozrunner::runner	INFO	Running command: "C:\\\\Program Files\\\\Mozilla Firefox\\\\firefox.exe" "-marionette" "--headless" "--disable-gpu" "-foreground" "-no-remote" "-profile" "C:\\Users\\Muhammad Bilal\\AppData\\Local\\Temp\\rust_mozprofiledohJcq"
*** You are running in headless mode.
JavaScript error: resource://gre/modules/XULStore.jsm, line 66: Error: Can't find profile directory.
console.warn: SearchSettings: "get: No settings file exists, new profile?" (new Error("", "(unknown module)"))
1608196022211	Marionette	INFO	Listening on port 60241
1608196022639	Marionette	WARN	TLS certificate errors will be ignored for this session
1608196027153	Marionette	INFO	Stopped listening on port 60241
JavaScript error: resource://activity-stream/lib/ASRouter.jsm, line 987: NS_ERROR_ILLEGAL_VALUE: Component returned failure code: 0x80070057 (NS_ERROR_ILLEGAL_VALUE) [nsIObserverService.removeObserver]
console.warn: SearchService: "_init: abandoning init due to shutting down"
JavaScript 
###!!! [Child][MessageChannel] Error: (msgtype=0x5B000A,name=PHttpChannel::Msg_DeletingChannel) Channel closing: too late to send/recv, messages will be lost

error: , line 0: uncaught exception: 2147500036

###!!! [Child][RunMessage] Error: Channel closing: too late to send/recv, messages will be lost

JavaScript error: , line 0: uncaught exception: 2147500036
JavaScript error: , line 0: uncaught exception: 2147500036
JavaScript error: , line 0: uncaught exception: 2147500036
JavaScript error: , line 0: uncaught exception: 2147500036
JavaScript error: , line 0: uncaught exception: 2147500036
JavaScript error: , line 0: uncaught exception: 2147500036
JavaScript error: resource://gre/modules/osfile/osfile_async_front.jsm, line 426: Error: OS.File has been shut down. Rejecting post to stat
1608196105453	mozrunner::runner	INFO	Running command: "C:\\\\Program Files\\\\Mozilla Firefox\\\\firefox.exe" "-marionette" "--headless" "--disable-gpu" "-foreground" "-no-remote" "-profile" "C:\\Users\\Muhammad Bilal\\AppData\\Local\\Temp\\rust_mozprofileUux5li"
*** You are running in headless mode.
JavaScript error: resource://gre/modules/XULStore.jsm, line 66: Error: Can't find profile directory.
console.warn: SearchSettings: "get: No settings file exists, new profile?" (new Error("", "(unknown module)"))
1608196111361	Marionette	INFO	Listening on port 60405
1608196111709	Marionette	WARN	TLS certificate errors will be ignored for this session
1608196116097	Marionette	INFO	Stopped listening on port 60405
JavaScript error: resource://activity-stream/lib/ASRouter.jsm, line 968: TypeError: this._storage is null
console.log: "RemoteSettingsWorker error: Error: Can't import when we've started shutting down."
console.log: "RemoteSettingsWorker error: Error: Can't import when we've started shutting down."
console.log: "RemoteSettingsWorker error: Error: Can't import when we've started shutting down."
console.warn: services.settings: Error retrieving the getLastModified timestamp from blocklists/plugins RemoteSettingsClient Message: Error: IndexedDB: blocklists/plugins getLastModified() IndexedDB:  execute() The application is shutting down
JavaScript error: , line 0: AbortError: A request was aborted, for example through a call to IDBTransaction.abort.
JavaScript error: , line 0: AbortError: A request was aborted, for example through a call to IDBTransaction.abort.
1608196362433	mozrunner::runner	INFO	Running command: "C:\\\\Program Files\\\\Mozilla Firefox\\\\firefox.exe" "-marionette" "--headless" "--disable-gpu" "-foreground" "-no-remote" "-profile" "C:\\Users\\Muhammad Bilal\\AppData\\Local\\Temp\\rust_mozprofilekkIAbO"
*** You are running in headless mode.
JavaScript error: resource://gre/modules/XULStore.jsm, line 66: Error: Can't find profile directory.
console.warn: SearchSettings: "get: No settings file exists, new profile?" (new Error("", "(unknown module)"))
1608196369437	Marionette	INFO	Listening on port 60756
1608196369795	Marionette	WARN	TLS certificate errors will be ignored for this session
1608196375710	Marionette	INFO	Stopped listening on port 60756
JavaScript error: resource://activity-stream/lib/ASRouter.jsm, line 987: NS_ERROR_ILLEGAL_VALUE: Component returned failure code: 0x80070057 (NS_ERROR_ILLEGAL_VALUE) [nsIObserverService.removeObserver]
1608196387487	mozrunner::runner	INFO	Running command: "C:\\\\Program Files\\\\Mozilla Firefox\\\\firefox.exe" "-marionette" "--headless" "--disable-gpu" "-foreground" "-no-remote" "-profile" "C:\\Users\\Muhammad Bilal\\AppData\\Local\\Temp\\rust_mozprofiletfSUKd"
*** You are running in headless mode.
JavaScript error: resource://gre/modules/XULStore.jsm, line 66: Error: Can't find profile directory.
console.warn: SearchSettings: "get: No settings file exists, new profile?" (new Error("", "(unknown module)"))
1608196392408	Marionette	INFO	Listening on port 60857
1608196392752	Marionette	WARN	TLS certificate errors will be ignored for this session
1608196397096	Marionette	INFO	Stopped listening on port 60857
JavaScript error: resource://activity-stream/lib/ASRouter.jsm, line 987: NS_ERROR_ILLEGAL_VALUE: Component returned failure code: 0x80070057 (NS_ERROR_ILLEGAL_VALUE) [nsIObserverService.removeObserver]

###!!! [Child][MessageChannel] Error: (msgtype=0x6B0027,name=PNecko::Msg_RemoveRequestContext) Channel closing: too late to send/recv, messages will be lost


###!!! [Child][RunMessage] Error: Channel closing: too late to send/recv, messages will be lost


###!!! [Child][RunMessage] Error: Channel closing: too late to send/recv, messages will be lost


###!!! [Child][RunMessage] Error: Channel closing: too late to send/recv, messages will be lost


###!!! [Child][RunMessage] Error: Channel closing: too late to send/recv, messages will be lost

JavaScript error: resource://gre/modules/DeferredTask.jsm, line 215: Error: Unable to arm timer, the object has been finalized.
[Parent 1432, Gecko_IOThread] WARNING: file /builds/worker/checkouts/gecko/ipc/chromium/src/base/process_util_win.cc:166
JavaScript error: resource://gre/modules/DeferredTask.jsm, line 215: Error: Unable to arm timer, the object has been finalized.
JavaScript error: resource://gre/modules/DeferredTask.jsm, line 215: Error: Unable to arm timer, the object has been finalized.
JavaScript error: resource://gre/modules/DeferredTask.jsm, line 215: Error: Unable to arm timer, the object has been finalized.
1608196488713	mozrunner::runner	INFO	Running command: "C:\\\\Program Files\\\\Mozilla Firefox\\\\firefox.exe" "-marionette" "--headless" "--disable-gpu" "-foreground" "-no-remote" "-profile" "C:\\Users\\Muhammad Bilal\\AppData\\Local\\Temp\\rust_mozprofileK71Bov"
*** You are running in headless mode.
JavaScript error: resource://gre/modules/XULStore.jsm, line 66: Error: Can't find profile directory.
console.warn: SearchSettings: "get: No settings file exists, new profile?" (new Error("", "(unknown module)"))
1608196494660	Marionette	INFO	Listening on port 61033
1608196494970	Marionette	WARN	TLS certificate errors will be ignored for this session
1608196499776	Marionette	INFO	Stopped listening on port 61033
JavaScript error: resource://activity-stream/lib/ASRouter.jsm, line 987: NS_ERROR_ILLEGAL_VALUE: Component returned failure code: 0x80070057 (NS_ERROR_ILLEGAL_VALUE) [nsIObserverService.removeObserver]
1608196633599	mozrunner::runner	INFO	Running command: "C:\\\\Program Files\\\\Mozilla Firefox\\\\firefox.exe" "-marionette" "--headless" "--disable-gpu" "-foreground" "-no-remote" "-profile" "C:\\Users\\Muhammad Bilal\\AppData\\Local\\Temp\\rust_mozprofileVvO2hu"
*** You are running in headless mode.
JavaScript error: resource://gre/modules/XULStore.jsm, line 66: Error: Can't find profile directory.
console.warn: SearchSettings: "get: No settings file exists, new profile?" (new Error("", "(unknown module)"))
1608196638955	Marionette	INFO	Listening on port 61258
1608196639362	Marionette	WARN	TLS certificate errors will be ignored for this session
1608196644560	Marionette	INFO	Stopped listening on port 61258
JavaScript error: resource://activity-stream/lib/ASRouter.jsm, line 987: NS_ERROR_ILLEGAL_VALUE: Component returned failure code: 0x80070057 (NS_ERROR_ILLEGAL_VALUE) [nsIObserverService.removeObserver]
1608196693575	mozrunner::runner	INFO	Running command: "C:\\\\Program Files\\\\Mozilla Firefox\\\\firefox.exe" "-marionette" "--headless" "--disable-gpu" "-foreground" "-no-remote" "-profile" "C:\\Users\\Muhammad Bilal\\AppData\\Local\\Temp\\rust_mozprofile3LKc5X"
*** You are running in headless mode.
JavaScript error: resource://gre/modules/XULStore.jsm, line 66: Error: Can't find profile directory.
console.warn: SearchSettings: "get: No settings file exists, new profile?" (new Error("", "(unknown module)"))
1608196699801	Marionette	INFO	Listening on port 61406
1608196699861	Marionette	WARN	TLS certificate errors will be ignored for this session
1608196704214	Marionette	INFO	Stopped listening on port 61406
JavaScript error: resource://activity-stream/lib/ASRouter.jsm, line 987: NS_ERROR_ILLEGAL_VALUE: Component returned failure code: 0x80070057 (NS_ERROR_ILLEGAL_VALUE) [nsIObserverService.removeObserver]

###!!! [Child][MessageChannel] Error: (msgtype=0x3A0144,name=PContent::Msg_ScriptError) Channel closing: too late to send/recv, messages will be lost


###!!! [Child][RunMessage] Error: Channel closing: too late to send/recv, messages will be lost


###!!! [Child][RunMessage] Error: Channel closing: too late to send/recv, messages will be lost


###!!! [Child][RunMessage] Error: Channel closing: too late to send/recv, messages will be lost

console.error: services.settings: 
  main/message-groups Signature failed  TypeError: NetworkError when attempting to fetch resource.
[Parent 5744, Gecko_IOThread] WARNING: file /builds/worker/checkouts/gecko/ipc/chromium/src/base/process_util_win.cc:166
1608196973451	mozrunner::runner	INFO	Running command: "C:\\\\Program Files\\\\Mozilla Firefox\\\\firefox.exe" "-marionette" "--headless" "--disable-gpu" "-foreground" "-no-remote" "-profile" "C:\\Users\\Muhammad Bilal\\AppData\\Local\\Temp\\rust_mozprofileX5JwI4"
*** You are running in headless mode.
JavaScript error: resource://gre/modules/XULStore.jsm, line 66: Error: Can't find profile directory.
console.warn: SearchSettings: "get: No settings file exists, new profile?" (new Error("", "(unknown module)"))
1608196981170	Marionette	INFO	Listening on port 61789
1608196981594	Marionette	WARN	TLS certificate errors will be ignored for this session
1608196988213	Marionette	INFO	Stopped listening on port 61789
JavaScript error: resource://activity-stream/lib/ASRouter.jsm, line 987: NS_ERROR_ILLEGAL_VALUE: Component returned failure code: 0x80070057 (NS_ERROR_ILLEGAL_VALUE) [nsIObserverService.removeObserver]

###!!! [Child][RunMessage] Error: Channel closing: too late to send/recv, messages will be lost


###!!! [Child][RunMessage] Error: Channel closing: too late to send/recv, messages will be lost

console.warn: services.settings: Error retrieving the getLastModified timestamp from blocklists/plugins RemoteSettingsClient Message: Error: IndexedDB: blocklists/plugins getLastModified() IndexedDB:  execute() The application is shutting down
1608278425731	mozrunner::runner	INFO	Running command: "C:\\\\Program Files\\\\Mozilla Firefox\\\\firefox.exe" "-marionette" "--headless" "--disable-gpu" "-foreground" "-no-remote" "-profile" "C:\\Users\\Muhammad Bilal\\AppData\\Local\\Temp\\rust_mozprofilec0j0uk"
*** You are running in headless mode.
JavaScript error: resource://gre/modules/XULStore.jsm, line 66: Error: Can't find profile directory.
console.warn: SearchSettings: "get: No settings file exists, new profile?" (new Error("", "(unknown module)"))
1608278432107	Marionette	INFO	Listening on port 62929
1608278432197	Marionette	WARN	TLS certificate errors will be ignored for this session
1608278435898	Marionette	INFO	Stopped listening on port 62929
JavaScript error: resource://activity-stream/lib/ASRouter.jsm, line 987: NS_ERROR_ILLEGAL_VALUE: Component returned failure code: 0x80070057 (NS_ERROR_ILLEGAL_VALUE) [nsIObserverService.removeObserver]
1608278446157	mozrunner::runner	INFO	Running command: "C:\\\\Program Files\\\\Mozilla Firefox\\\\firefox.exe" "-marionette" "--headless" "--disable-gpu" "-foreground" "-no-remote" "-profile" "C:\\Users\\Muhammad Bilal\\AppData\\Local\\Temp\\rust_mozprofilePumSam"
*** You are running in headless mode.
JavaScript error: resource://gre/modules/XULStore.jsm, line 66: Error: Can't find profile directory.
console.warn: SearchSettings: "get: No settings file exists, new profile?" (new Error("", "(unknown module)"))
1608278452136	Marionette	INFO	Listening on port 63004
1608278452421	Marionette	WARN	TLS certificate errors will be ignored for this session
1608278455832	Marionette	INFO	Stopped listening on port 63004
JavaScript error: resource://activity-stream/lib/ASRouter.jsm, line 987: NS_ERROR_ILLEGAL_VALUE: Component returned failure code: 0x80070057 (NS_ERROR_ILLEGAL_VALUE) [nsIObserverService.removeObserver]

###!!! [Child][RunMessage] Error: Channel closing: too late to send/recv, messages will be lost

1608278855767	mozrunner::runner	INFO	Running command: "C:\\\\Program Files\\\\Mozilla Firefox\\\\firefox.exe" "-marionette" "--headless" "--disable-gpu" "-foreground" "-no-remote" "-profile" "C:\\Users\\Muhammad Bilal\\AppData\\Local\\Temp\\rust_mozprofileUz6Zfb"
*** You are running in headless mode.
JavaScript error: resource://gre/modules/XULStore.jsm, line 66: Error: Can't find profile directory.
console.warn: SearchSettings: "get: No settings file exists, new profile?" (new Error("", "(unknown module)"))
1608278862449	Marionette	INFO	Listening on port 63107
1608278862589	Marionette	WARN	TLS certificate errors will be ignored for this session
1608278868819	Marionette	INFO	Stopped listening on port 63107
JavaScript error: resource://activity-stream/lib/ASRouter.jsm, line 987: NS_ERROR_ILLEGAL_VALUE: Component returned failure code: 0x80070057 (NS_ERROR_ILLEGAL_VALUE) [nsIObserverService.removeObserver]
1608278878634	mozrunner::runner	INFO	Running command: "C:\\\\Program Files\\\\Mozilla Firefox\\\\firefox.exe" "-marionette" "--headless" "--disable-gpu" "-foreground" "-no-remote" "-profile" "C:\\Users\\Muhammad Bilal\\AppData\\Local\\Temp\\rust_mozprofile5sM2E7"
*** You are running in headless mode.
JavaScript error: resource://gre/modules/XULStore.jsm, line 66: Error: Can't find profile directory.
console.warn: SearchSettings: "get: No settings file exists, new profile?" (new Error("", "(unknown module)"))
1608278885019	Marionette	INFO	Listening on port 63183
1608278885519	Marionette	WARN	TLS certificate errors will be ignored for this session
1608278890283	Marionette	INFO	Stopped listening on port 63183
JavaScript error: resource://activity-stream/lib/ASRouter.jsm, line 987: NS_ERROR_ILLEGAL_VALUE: Component returned failure code: 0x80070057 (NS_ERROR_ILLEGAL_VALUE) [nsIObserverService.removeObserver]
console.warn: services.settings: Error retrieving the getLastModified timestamp from blocklists/plugins RemoteSettingsClient Message: AbortError: IndexedDB: blocklists/plugins getLastModified() IndexedDB:  execute() A request was aborted, for example through a call to IDBTransaction.abort.
1608282156540	mozrunner::runner	INFO	Running command: "C:\\\\Program Files\\\\Mozilla Firefox\\\\firefox.exe" "-marionette" "--headless" "--disable-gpu" "-foreground" "-no-remote" "-profile" "C:\\Users\\Muhammad Bilal\\AppData\\Local\\Temp\\rust_mozprofileo5NqAv"
*** You are running in headless mode.
JavaScript error: resource://gre/modules/XULStore.jsm, line 66: Error: Can't find profile directory.
console.warn: SearchSettings: "get: No settings file exists, new profile?" (new Error("", "(unknown module)"))
1608282162332	Marionette	INFO	Listening on port 63576
1608282162811	Marionette	WARN	TLS certificate errors will be ignored for this session
1608282173773	Marionette	INFO	Stopped listening on port 63576
JavaScript error: resource://activity-stream/lib/ASRouter.jsm, line 987: NS_ERROR_ILLEGAL_VALUE: Component returned failure code: 0x80070057 (NS_ERROR_ILLEGAL_VALUE) [nsIObserverService.removeObserver]
1608282203564	mozrunner::runner	INFO	Running command: "C:\\\\Program Files\\\\Mozilla Firefox\\\\firefox.exe" "-marionette" "--headless" "--disable-gpu" "-foreground" "-no-remote" "-profile" "C:\\Users\\Muhammad Bilal\\AppData\\Local\\Temp\\rust_mozprofileMKxt4C"
*** You are running in headless mode.
JavaScript error: resource://gre/modules/XULStore.jsm, line 66: Error: Can't find profile directory.
console.warn: SearchSettings: "get: No settings file exists, new profile?" (new Error("", "(unknown module)"))
1608282210414	Marionette	INFO	Listening on port 63693
1608282210958	Marionette	WARN	TLS certificate errors will be ignored for this session
1608282221785	Marionette	INFO	Stopped listening on port 63693
JavaScript error: resource://activity-stream/lib/ASRouter.jsm, line 987: NS_ERROR_ILLEGAL_VALUE: Component returned failure code: 0x80070057 (NS_ERROR_ILLEGAL_VALUE) [nsIObserverService.removeObserver]
1608292128464	mozrunner::runner	INFO	Running command: "C:\\\\Program Files\\\\Mozilla Firefox\\\\firefox.exe" "-marionette" "--headless" "--disable-gpu" "-foreground" "-no-remote" "-profile" "C:\\Users\\Muhammad Bilal\\AppData\\Local\\Temp\\rust_mozprofileP10kCk"
*** You are running in headless mode.
JavaScript error: resource://gre/modules/XULStore.jsm, line 66: Error: Can't find profile directory.
console.warn: SearchSettings: "get: No settings file exists, new profile?" (new Error("", "(unknown module)"))
1608292135262	Marionette	INFO	Listening on port 54792
1608292135355	Marionette	WARN	TLS certificate errors will be ignored for this session
1608292140804	Marionette	INFO	Stopped listening on port 54792
JavaScript error: resource://activity-stream/lib/ASRouter.jsm, line 987: NS_ERROR_ILLEGAL_VALUE: Component returned failure code: 0x80070057 (NS_ERROR_ILLEGAL_VALUE) [nsIObserverService.removeObserver]

###!!! [Child][RunMessage] Error: Channel closing: too late to send/recv, messages will be lost

console.warn: services.settings: Error retrieving the getLastModified timestamp from blocklists/plugins RemoteSettingsClient Message: AbortError: IndexedDB: blocklists/plugins getLastModified() IndexedDB:  execute() A request was aborted, for example through a call to IDBTransaction.abort.
1608292154009	mozrunner::runner	INFO	Running command: "C:\\\\Program Files\\\\Mozilla Firefox\\\\firefox.exe" "-marionette" "--headless" "--disable-gpu" "-foreground" "-no-remote" "-profile" "C:\\Users\\Muhammad Bilal\\AppData\\Local\\Temp\\rust_mozprofileaoO61Q"
*** You are running in headless mode.
console.warn: SearchSettings: "get: No settings file exists, new profile?" (new Error("", "(unknown module)"))
1608292158633	Marionette	INFO	Listening on port 54868
1608292158803	Marionette	WARN	TLS certificate errors will be ignored for this session
1608292163167	Marionette	INFO	Stopped listening on port 54868
JavaScript error: resource://activity-stream/lib/ASRouter.jsm, line 987: NS_ERROR_ILLEGAL_VALUE: Component returned failure code: 0x80070057 (NS_ERROR_ILLEGAL_VALUE) [nsIObserverService.removeObserver]
console.warn: services.settings: Error retrieving the getLastModified timestamp from blocklists/plugins RemoteSettingsClient Message: AbortError: IndexedDB: blocklists/plugins getLastModified() IndexedDB:  execute() A request was aborted, for example through a call to IDBTransaction.abort.
1608484427086	mozrunner::runner	INFO	Running command: "C:\\\\Program Files\\\\Mozilla Firefox\\\\firefox.exe" "-marionette" "--headless" "--disable-gpu" "-foreground" "-no-remote" "-profile" "C:\\Users\\Muhammad Bilal\\AppData\\Local\\Temp\\rust_mozprofiless0cYu"
*** You are running in headless mode.
JavaScript error: resource://gre/modules/XULStore.jsm, line 66: Error: Can't find profile directory.
console.warn: SearchSettings: "get: No settings file exists, new profile?" (new Error("", "(unknown module)"))
1608484436277	Marionette	INFO	Listening on port 63928
1608484436650	Marionette	WARN	TLS certificate errors will be ignored for this session
1608484443059	Marionette	INFO	Stopped listening on port 63928
JavaScript error: resource://activity-stream/lib/ASRouter.jsm, line 987: NS_ERROR_ILLEGAL_VALUE: Component returned failure code: 0x80070057 (NS_ERROR_ILLEGAL_VALUE) [nsIObserverService.removeObserver]

###!!! [Child][RunMessage] Error: Channel closing: too late to send/recv, messages will be lost

1608484456581	mozrunner::runner	INFO	Running command: "C:\\\\Program Files\\\\Mozilla Firefox\\\\firefox.exe" "-marionette" "--headless" "--disable-gpu" "-foreground" "-no-remote" "-profile" "C:\\Users\\Muhammad Bilal\\AppData\\Local\\Temp\\rust_mozprofileLrmh01"
*** You are running in headless mode.
JavaScript error: resource://gre/modules/XULStore.jsm, line 66: Error: Can't find profile directory.
console.warn: SearchSettings: "get: No settings file exists, new profile?" (new Error("", "(unknown module)"))
1608484463453	Marionette	INFO	Listening on port 64039
1608484464122	Marionette	WARN	TLS certificate errors will be ignored for this session
1608484467410	Marionette	INFO	Stopped listening on port 64039
JavaScript error: resource://activity-stream/lib/ASRouter.jsm, line 987: NS_ERROR_ILLEGAL_VALUE: Component returned failure code: 0x80070057 (NS_ERROR_ILLEGAL_VALUE) [nsIObserverService.removeObserver]
1608647741023	mozrunner::runner	INFO	Running command: "C:\\\\Program Files\\\\Mozilla Firefox\\\\firefox.exe" "-marionette" "--headless" "--disable-gpu" "-foreground" "-no-remote" "-profile" "C:\\Users\\Muhammad Bilal\\AppData\\Local\\Temp\\rust_mozprofilelMRyb4"
*** You are running in headless mode.
JavaScript error: resource://gre/modules/XULStore.jsm, line 66: Error: Can't find profile directory.
console.warn: SearchSettings: "get: No settings file exists, new profile?" (new Error("", "(unknown module)"))
1608647747182	Marionette	INFO	Listening on port 56554
1608647747305	Marionette	WARN	TLS certificate errors will be ignored for this session
1608647751438	Marionette	INFO	Stopped listening on port 56554
JavaScript error: resource://activity-stream/lib/ASRouter.jsm, line 968: TypeError: this._storage is null
console.log: "RemoteSettingsWorker error: Error: Can't import when we've started shutting down."
console.log: "RemoteSettingsWorker error: Error: Can't import when we've started shutting down."
console.log: "RemoteSettingsWorker error: Error: Can't import when we've started shutting down."
console.warn: services.settings: Error retrieving the getLastModified timestamp from blocklists/plugins RemoteSettingsClient Message: Error: IndexedDB: blocklists/plugins getLastModified() IndexedDB:  execute() The application is shutting down
1608647764397	mozrunner::runner	INFO	Running command: "C:\\\\Program Files\\\\Mozilla Firefox\\\\firefox.exe" "-marionette" "--headless" "--disable-gpu" "-foreground" "-no-remote" "-profile" "C:\\Users\\Muhammad Bilal\\AppData\\Local\\Temp\\rust_mozprofileEq3I86"
*** You are running in headless mode.
JavaScript error: resource://gre/modules/XULStore.jsm, line 66: Error: Can't find profile directory.
console.warn: SearchSettings: "get: No settings file exists, new profile?" (new Error("", "(unknown module)"))
1608647769397	Marionette	INFO	Listening on port 56653
1608647769656	Marionette	WARN	TLS certificate errors will be ignored for this session
1608647773167	Marionette	INFO	Stopped listening on port 56653
JavaScript error: resource://activity-stream/lib/ASRouter.jsm, line 968: TypeError: this._storage is null
console.error: "Could not load engine google@search.mozilla.org: [Exception... \"AddonManager is not initialized\"  nsresult: \"0xc1f30001 (NS_ERROR_NOT_INITIALIZED)\"  location: \"JS frame :: resource://gre/modules/AddonManager.jsm :: installBuiltinAddon :: line 2550\"  data: no]"
console.error: "Could not load engine amazondotcom@search.mozilla.org: [Exception... \"AddonManager is not initialized\"  nsresult: \"0xc1f30001 (NS_ERROR_NOT_INITIALIZED)\"  location: \"JS frame :: resource://gre/modules/AddonManager.jsm :: installBuiltinAddon :: line 2550\"  data: no]"
console.error: "Could not load engine wikipedia@search.mozilla.org: [Exception... \"AddonManager is not initialized\"  nsresult: \"0xc1f30001 (NS_ERROR_NOT_INITIALIZED)\"  location: \"JS frame :: resource://gre/modules/AddonManager.jsm :: installBuiltinAddon :: line 2550\"  data: no]"
console.error: "Could not load engine bing@search.mozilla.org: [Exception... \"AddonManager is not initialized\"  nsresult: \"0xc1f30001 (NS_ERROR_NOT_INITIALIZED)\"  location: \"JS frame :: resource://gre/modules/AddonManager.jsm :: installBuiltinAddon :: line 2550\"  data: no]"
console.error: "Could not load engine ddg@search.mozilla.org: [Exception... \"AddonManager is not initialized\"  nsresult: \"0xc1f30001 (NS_ERROR_NOT_INITIALIZED)\"  location: \"JS frame :: resource://gre/modules/AddonManager.jsm :: installBuiltinAddon :: line 2550\"  data: no]"
console.warn: SearchService: "_init: abandoning init due to shutting down"
JavaScript error: resource://gre/modules/AsyncShutdown.jsm, line 573: uncaught exception: 2147500036
JavaScript error: resource://gre/modules/AsyncShutdown.jsm, line 573: uncaught exception: 2147500036
JavaScript error: resource://gre/modules/AsyncShutdown.jsm, line 573: uncaught exception: 2147500036
JavaScript error: resource://gre/modules/AsyncShutdown.jsm, line 573: uncaught exception: 2147500036
JavaScript error: resource://gre/modules/AsyncShutdown.jsm, line 573: uncaught exception: 2147500036
JavaScript error: resource://gre/modules/AsyncShutdown.jsm, line 573: uncaught exception: 2147500036
JavaScript error: resource://gre/modules/AsyncShutdown.jsm, line 573: uncaught exception: 2147500036
console.log: "RemoteSettingsWorker error: Error: Can't import when we've started shutting down."
console.log: "RemoteSettingsWorker error: Error: Can't import when we've started shutting down."
console.log: "RemoteSettingsWorker error: Error: Can't import when we've started shutting down."
console.log: "RemoteSettingsWorker error: Error: Can't import when we've started shutting down."
console.warn: services.settings: Error retrieving the getLastModified timestamp from blocklists/plugins RemoteSettingsClient Message: Error: IndexedDB: blocklists/plugins getLastModified() IndexedDB:  execute() The application is shutting down
JavaScript error: , line 0: AbortError: A request was aborted, for example through a call to IDBTransaction.abort.
JavaScript error: , line 0: AbortError: A request was aborted, for example through a call to IDBTransaction.abort.
JavaScript error: resource:///modules/EveryWindow.jsm, line 37: NS_ERROR_UNEXPECTED: Component returned failure code: 0x8000ffff (NS_ERROR_UNEXPECTED) [nsIWindowMediator.getEnumerator]
JavaScript error: resource://gre/modules/osfile/osfile_async_front.jsm, line 426: Error: OS.File has been shut down. Rejecting post to stat
1608698112310	mozrunner::runner	INFO	Running command: "C:\\\\Program Files\\\\Mozilla Firefox\\\\firefox.exe" "-marionette" "--headless" "--disable-gpu" "-foreground" "-no-remote" "-profile" "C:\\Users\\Muhammad Bilal\\AppData\\Local\\Temp\\rust_mozprofileN41hF7"
*** You are running in headless mode.
JavaScript error: resource://gre/modules/XULStore.jsm, line 66: Error: Can't find profile directory.
console.warn: SearchSettings: "get: No settings file exists, new profile?" (new Error("", "(unknown module)"))
1608698121650	Marionette	INFO	Listening on port 56139
1608698121852	Marionette	WARN	TLS certificate errors will be ignored for this session
1608698125844	Marionette	INFO	Stopped listening on port 56139
JavaScript error: resource://activity-stream/lib/ASRouter.jsm, line 968: TypeError: this._storage is null
console.warn: SearchService: "_init: abandoning init due to shutting down"
JavaScript error: resource://gre/modules/AsyncShutdown.jsm, line 573: uncaught exception: 2147500036
JavaScript error: resource://gre/modules/AsyncShutdown.jsm, line 573: uncaught exception: 2147500036
JavaScript error: resource://gre/modules/AsyncShutdown.jsm, line 573: uncaught exception: 2147500036
JavaScript error: resource://gre/modules/AsyncShutdown.jsm, line 573: uncaught exception: 2147500036
JavaScript error: resource://gre/modules/AsyncShutdown.jsm, line 573: uncaught exception: 2147500036
JavaScript error: resource://gre/modules/AsyncShutdown.jsm, line 573: uncaught exception: 2147500036
JavaScript error: resource://gre/modules/AsyncShutdown.jsm, line 573: uncaught exception: 2147500036

###!!! [Child][MessageChannel] Error: (msgtype=0x3A00D4,name=PContent::Msg_ScriptErrorWithStack) Channel closing: too late to send/recv, messages will be lost


###!!! [Child][MessageChannel] Error: (msgtype=0x3A00D4,name=PContent::Msg_ScriptErrorWithStack) Channel closing: too late to send/recv, messages will be lost


###!!! [Child][MessageChannel] Error: (msgtype=0x3A00D4,name=PContent::Msg_ScriptErrorWithStack) Channel closing: too late to send/recv, messages will be lost


###!!! [Child][MessageChannel] Error: (msgtype=0x3A00D4,name=PContent::Msg_ScriptErrorWithStack) Channel closing: too late to send/recv, messages will be lost

JavaScript error: resource:///modules/EveryWindow.jsm, line 37: NS_ERROR_UNEXPECTED: Component returned failure code: 0x8000ffff (NS_ERROR_UNEXPECTED) [nsIWindowMediator.getEnumerator]
JavaScript error: resource://gre/modules/osfile/osfile_async_front.jsm, line 426: Error: OS.File has been shut down. Rejecting post to stat
1608698243054	mozrunner::runner	INFO	Running command: "C:\\\\Program Files\\\\Mozilla Firefox\\\\firefox.exe" "-marionette" "--headless" "--disable-gpu" "-foreground" "-no-remote" "-profile" "C:\\Users\\Muhammad Bilal\\AppData\\Local\\Temp\\rust_mozprofileOYoHsW"
*** You are running in headless mode.
JavaScript error: resource://gre/modules/XULStore.jsm, line 66: Error: Can't find profile directory.
console.warn: SearchSettings: "get: No settings file exists, new profile?" (new Error("", "(unknown module)"))
1608698251042	Marionette	INFO	Listening on port 52478
1608698251381	Marionette	WARN	TLS certificate errors will be ignored for this session
1608698255213	Marionette	INFO	Stopped listening on port 52478
JavaScript error: resource://activity-stream/lib/ASRouter.jsm, line 987: NS_ERROR_ILLEGAL_VALUE: Component returned failure code: 0x80070057 (NS_ERROR_ILLEGAL_VALUE) [nsIObserverService.removeObserver]
console.warn: SearchService: "_init: abandoning init due to shutting down"
JavaScript error: , line 0: uncaught exception: 2147500036
JavaScript error: , line 0: uncaught exception: 2147500036
JavaScript error: , line 0: uncaught exception: 2147500036
JavaScript error: , line 0: uncaught exception: 2147500036
JavaScript error: , line 0: uncaught exception: 2147500036
JavaScript error: , line 0: uncaught exception: 2147500036
JavaScript error: , line 0: uncaught exception: 2147500036
console.error: services.settings: 
  main/message-groups Signature failed  TypeError: NetworkError when attempting to fetch resource.
JavaScript error: resource://gre/modules/osfile/osfile_async_front.jsm, line 426: Error: OS.File has been shut down. Rejecting post to stat
1608701620352	mozrunner::runner	INFO	Running command: "C:\\\\Program Files\\\\Mozilla Firefox\\\\firefox.exe" "-marionette" "--headless" "--disable-gpu" "-foreground" "-no-remote" "-profile" "C:\\Users\\Muhammad Bilal\\AppData\\Local\\Temp\\rust_mozprofile2k7afk"
*** You are running in headless mode.
JavaScript error: resource://gre/modules/XULStore.jsm, line 66: Error: Can't find profile directory.
console.warn: SearchSettings: "get: No settings file exists, new profile?" (new Error("", "(unknown module)"))
1608701626988	Marionette	INFO	Listening on port 55548
1608701627121	Marionette	WARN	TLS certificate errors will be ignored for this session
1608701630473	Marionette	INFO	Stopped listening on port 55548
JavaScript error: resource://activity-stream/lib/ASRouter.jsm, line 968: TypeError: this._storage is null
console.warn: SearchService: "_init: abandoning init due to shutting down"
JavaScript error: resource://gre/modules/AsyncShutdown.jsm, line 573: uncaught exception: 2147500036
JavaScript error: resource://gre/modules/AsyncShutdown.jsm, line 573: uncaught exception: 2147500036
JavaScript error: resource://gre/modules/AsyncShutdown.jsm, line 573: uncaught exception: 2147500036
JavaScript error: resource://gre/modules/AsyncShutdown.jsm, line 573: uncaught exception: 2147500036
JavaScript error: resource://gre/modules/AsyncShutdown.jsm, line 573: uncaught exception: 2147500036
JavaScript error: resource://gre/modules/AsyncShutdown.jsm, line 573: uncaught exception: 2147500036
JavaScript error: resource://gre/modules/AsyncShutdown.jsm, line 573: uncaught exception: 2147500036
JavaScript error: resource:///modules/EveryWindow.jsm, line 37: NS_ERROR_UNEXPECTED: Component returned failure code: 0x8000ffff (NS_ERROR_UNEXPECTED) [nsIWindowMediator.getEnumerator]
JavaScript error: resource://gre/modules/osfile/osfile_async_front.jsm, line 426: Error: OS.File has been shut down. Rejecting post to stat
1608701716713	mozrunner::runner	INFO	Running command: "C:\\\\Program Files\\\\Mozilla Firefox\\\\firefox.exe" "-marionette" "--headless" "--disable-gpu" "-foreground" "-no-remote" "-profile" "C:\\Users\\Muhammad Bilal\\AppData\\Local\\Temp\\rust_mozprofilehN1uWN"
*** You are running in headless mode.
JavaScript error: resource://gre/modules/XULStore.jsm, line 66: Error: Can't find profile directory.
console.warn: SearchSettings: "get: No settings file exists, new profile?" (new Error("", "(unknown module)"))
1608701723440	Marionette	INFO	Listening on port 55714
1608701723594	Marionette	WARN	TLS certificate errors will be ignored for this session
1608701727500	Marionette	INFO	Stopped listening on port 55714
JavaScript error: resource://activity-stream/lib/ASRouter.jsm, line 987: NS_ERROR_ILLEGAL_VALUE: Component returned failure code: 0x80070057 (NS_ERROR_ILLEGAL_VALUE) [nsIObserverService.removeObserver]
console.warn: SearchService: "_init: abandoning init due to shutting down"
JavaScript error: resource://gre/modules/AsyncShutdown.jsm, line 573: uncaught exception: 2147500036
JavaScript error: resource://gre/modules/AsyncShutdown.jsm, line 573: uncaught exception: 2147500036
JavaScript error: resource://gre/modules/AsyncShutdown.jsm, line 573: uncaught exception: 2147500036
JavaScript error: resource://gre/modules/AsyncShutdown.jsm, line 573: uncaught exception: 2147500036
JavaScript error: resource://gre/modules/AsyncShutdown.jsm, line 573: uncaught exception: 2147500036
JavaScript error: resource://gre/modules/AsyncShutdown.jsm, line 573: uncaught exception: 2147500036
JavaScript error: resource://gre/modules/AsyncShutdown.jsm, line 573: uncaught exception: 2147500036
JavaScript error: resource:///modules/EveryWindow.jsm, line 37: NS_ERROR_UNEXPECTED: Component returned failure code: 0x8000ffff (NS_ERROR_UNEXPECTED) [nsIWindowMediator.getEnumerator]
JavaScript error: resource://gre/modules/osfile/osfile_async_front.jsm, line 426: Error: OS.File has been shut down. Rejecting post to stat
1609325799120	mozrunner::runner	INFO	Running command: "C:\\\\Program Files\\\\Mozilla Firefox\\\\firefox.exe" "-marionette" "--headless" "--disable-gpu" "-foreground" "-no-remote" "-profile" "C:\\Users\\Muhammad Bilal\\AppData\\Local\\Temp\\rust_mozprofilegvWMIT"
*** You are running in headless mode.
JavaScript error: resource://gre/modules/XULStore.jsm, line 66: Error: Can't find profile directory.
console.warn: SearchSettings: "get: No settings file exists, new profile?" (new Error("", "(unknown module)"))
1609325808345	Marionette	INFO	Listening on port 62424

###!!! [Child][RunMessage] Error: Channel closing: too late to send/recv, messages will be lost

1609325808638	Marionette	WARN	TLS certificate errors will be ignored for this session
1609325817765	Marionette	INFO	Stopped listening on port 62424
JavaScript error: resource://activity-stream/lib/ASRouter.jsm, line 987: NS_ERROR_ILLEGAL_VALUE: Component returned failure code: 0x80070057 (NS_ERROR_ILLEGAL_VALUE) [nsIObserverService.removeObserver]
1609325853038	mozrunner::runner	INFO	Running command: "C:\\\\Program Files\\\\Mozilla Firefox\\\\firefox.exe" "-marionette" "--headless" "--disable-gpu" "-foreground" "-no-remote" "-profile" "C:\\Users\\Muhammad Bilal\\AppData\\Local\\Temp\\rust_mozprofilelAYS9b"
*** You are running in headless mode.
JavaScript error: resource://gre/modules/XULStore.jsm, line 66: Error: Can't find profile directory.
console.warn: SearchSettings: "get: No settings file exists, new profile?" (new Error("", "(unknown module)"))
1609325862586	Marionette	INFO	Listening on port 62538
1609325863075	Marionette	WARN	TLS certificate errors will be ignored for this session
console.error: Region.jsm: "Error fetching region" (new Error("TIMEOUT", "resource://gre/modules/Region.jsm", 726))
console.error: Region.jsm: "Failed to fetch region" (new Error("TIMEOUT", "resource://gre/modules/Region.jsm", 376))
1609325868173	Marionette	INFO	Stopped listening on port 62538
JavaScript error: resource://activity-stream/lib/ASRouter.jsm, line 968: TypeError: this._storage is null
console.log: "RemoteSettingsWorker error: Error: Can't import when we've started shutting down."
console.log: "RemoteSettingsWorker error: Error: Can't import when we've started shutting down."
console.error: "Could not load engine google@search.mozilla.org: [Exception... \"AddonManager is not initialized\"  nsresult: \"0xc1f30001 (NS_ERROR_NOT_INITIALIZED)\"  location: \"JS frame :: resource://gre/modules/AddonManager.jsm :: installBuiltinAddon :: line 2550\"  data: no]"
console.error: "Could not load engine amazondotcom@search.mozilla.org: [Exception... \"AddonManager is not initialized\"  nsresult: \"0xc1f30001 (NS_ERROR_NOT_INITIALIZED)\"  location: \"JS frame :: resource://gre/modules/AddonManager.jsm :: installBuiltinAddon :: line 2550\"  data: no]"
console.error: "Could not load engine wikipedia@search.mozilla.org: [Exception... \"AddonManager is not initialized\"  nsresult: \"0xc1f30001 (NS_ERROR_NOT_INITIALIZED)\"  location: \"JS frame :: resource://gre/modules/AddonManager.jsm :: installBuiltinAddon :: line 2550\"  data: no]"
console.error: "Could not load engine bing@search.mozilla.org: [Exception... \"AddonManager is not initialized\"  nsresult: \"0xc1f30001 (NS_ERROR_NOT_INITIALIZED)\"  location: \"JS frame :: resource://gre/modules/AddonManager.jsm :: installBuiltinAddon :: line 2550\"  data: no]"
console.error: "Could not load engine ddg@search.mozilla.org: [Exception... \"AddonManager is not initialized\"  nsresult: \"0xc1f30001 (NS_ERROR_NOT_INITIALIZED)\"  location: \"JS frame :: resource://gre/modules/AddonManager.jsm :: installBuiltinAddon :: line 2550\"  data: no]"
console.warn: SearchService: "_init: abandoning init due to shutting down"
JavaScript error: resource://gre/modules/AsyncShutdown.jsm, line 573: uncaught exception: 2147500036
JavaScript error: resource://gre/modules/AsyncShutdown.jsm, line 573: uncaught exception: 2147500036
JavaScript error: resource://gre/modules/AsyncShutdown.jsm, line 573: uncaught exception: 2147500036
JavaScript error: resource://gre/modules/AsyncShutdown.jsm, line 573: uncaught exception: 2147500036
JavaScript error: resource://gre/modules/AsyncShutdown.jsm, line 573: uncaught exception: 2147500036
JavaScript error: resource://gre/modules/AsyncShutdown.jsm, line 573: uncaught exception: 2147500036
JavaScript error: resource://gre/modules/AsyncShutdown.jsm, line 573: uncaught exception: 2147500036
console.log: "RemoteSettingsWorker error: Error: Can't import when we've started shutting down."
console.log: "RemoteSettingsWorker error: Error: Can't import when we've started shutting down."
console.log: "RemoteSettingsWorker error: Error: Can't import when we've started shutting down."
console.log: "RemoteSettingsWorker error: Error: Can't import when we've started shutting down."
console.warn: services.settings: Error retrieving the getLastModified timestamp from blocklists/plugins RemoteSettingsClient Message: Error: IndexedDB: blocklists/plugins getLastModified() IndexedDB:  execute() The application is shutting down
1609585087652	mozrunner::runner	INFO	Running command: "C:\\\\Program Files\\\\Mozilla Firefox\\\\firefox.exe" "-marionette" "--headless" "--disable-gpu" "-foreground" "-no-remote" "-profile" "C:\\Users\\Muhammad Bilal\\AppData\\Local\\Temp\\rust_mozprofileY6a0EQ"
*** You are running in headless mode.
JavaScript error: resource://gre/modules/XULStore.jsm, line 66: Error: Can't find profile directory.
console.warn: SearchSettings: "get: No settings file exists, new profile?" (new Error("", "(unknown module)"))
1609585095412	Marionette	INFO	Listening on port 51729
1609585096007	Marionette	WARN	TLS certificate errors will be ignored for this session
1609585100347	Marionette	INFO	Stopped listening on port 51729
JavaScript error: resource://activity-stream/lib/ASRouter.jsm, line 987: NS_ERROR_ILLEGAL_VALUE: Component returned failure code: 0x80070057 (NS_ERROR_ILLEGAL_VALUE) [nsIObserverService.removeObserver]

###!!! [Child][RunMessage] Error: Channel closing: too late to send/recv, messages will be lost

1609585112805	mozrunner::runner	INFO	Running command: "C:\\\\Program Files\\\\Mozilla Firefox\\\\firefox.exe" "-marionette" "--headless" "--disable-gpu" "-foreground" "-no-remote" "-profile" "C:\\Users\\Muhammad Bilal\\AppData\\Local\\Temp\\rust_mozprofile1O7f8G"
*** You are running in headless mode.
JavaScript error: resource://gre/modules/XULStore.jsm, line 66: Error: Can't find profile directory.
console.warn: SearchSettings: "get: No settings file exists, new profile?" (new Error("", "(unknown module)"))
1609585120538	Marionette	INFO	Listening on port 51823
1609585120780	Marionette	WARN	TLS certificate errors will be ignored for this session
1609585124867	Marionette	INFO	Stopped listening on port 51823
JavaScript error: resource://activity-stream/lib/ASRouter.jsm, line 987: NS_ERROR_ILLEGAL_VALUE: Component returned failure code: 0x80070057 (NS_ERROR_ILLEGAL_VALUE) [nsIObserverService.removeObserver]
1618854118880	mozrunner::runner	INFO	Running command: "C:\\\\Program Files\\\\Mozilla Firefox\\\\firefox.exe" "-marionette" "--headless" "--disable-gpu" "-foreground" "-no-remote" "-profile" "C:\\Users\\Muhammad Bilal\\AppData\\Local\\Temp\\rust_mozprofileylrTiP"
*** You are running in headless mode.
JavaScript error: resource://gre/modules/XULStore.jsm, line 66: Error: Can't find profile directory.
console.warn: SearchSettings: "get: No settings file exists, new profile?" (new Error("", "(unknown module)"))
1618854128223	Marionette	INFO	Listening on port 49266
1618854128434	Marionette	WARN	TLS certificate errors will be ignored for this session
1618854149091	Marionette	INFO	Stopped listening on port 49266
1618854160858	mozrunner::runner	INFO	Running command: "C:\\\\Program Files\\\\Mozilla Firefox\\\\firefox.exe" "-marionette" "--headless" "--disable-gpu" "-foreground" "-no-remote" "-profile" "C:\\Users\\Muhammad Bilal\\AppData\\Local\\Temp\\rust_mozprofilesIdmxp"
*** You are running in headless mode.
JavaScript error: resource://gre/modules/XULStore.jsm, line 66: Error: Can't find profile directory.
console.warn: SearchSettings: "get: No settings file exists, new profile?" (new Error("", "(unknown module)"))
1618854167806	Marionette	INFO	Listening on port 49380
1618854168249	Marionette	WARN	TLS certificate errors will be ignored for this session
1618854181138	Marionette	INFO	Stopped listening on port 49380
1618854654028	mozrunner::runner	INFO	Running command: "C:\\\\Program Files\\\\Mozilla Firefox\\\\firefox.exe" "-marionette" "--headless" "--disable-gpu" "-foreground" "-no-remote" "-profile" "C:\\Users\\Muhammad Bilal\\AppData\\Local\\Temp\\rust_mozprofilercArdV"
*** You are running in headless mode.
JavaScript error: resource://gre/modules/XULStore.jsm, line 66: Error: Can't find profile directory.
console.warn: SearchSettings: "get: No settings file exists, new profile?" (new Error("", "(unknown module)"))
1618854659882	Marionette	INFO	Listening on port 49981
1618854660300	Marionette	WARN	TLS certificate errors will be ignored for this session
1618854671386	Marionette	INFO	Stopped listening on port 49981
1618854684996	mozrunner::runner	INFO	Running command: "C:\\\\Program Files\\\\Mozilla Firefox\\\\firefox.exe" "-marionette" "--headless" "--disable-gpu" "-foreground" "-no-remote" "-profile" "C:\\Users\\Muhammad Bilal\\AppData\\Local\\Temp\\rust_mozprofileBkUGS6"
*** You are running in headless mode.
JavaScript error: resource://gre/modules/XULStore.jsm, line 66: Error: Can't find profile directory.
console.warn: SearchSettings: "get: No settings file exists, new profile?" (new Error("", "(unknown module)"))
1618854690964	Marionette	INFO	Listening on port 50089
1618854691283	Marionette	WARN	TLS certificate errors will be ignored for this session
1618854700503	Marionette	INFO	Stopped listening on port 50089
JavaScript error: resource://gre/modules/UrlClassifierListManager.jsm, line 691: TypeError: this.tablesData[table] is undefined
1618854893667	mozrunner::runner	INFO	Running command: "C:\\\\Program Files\\\\Mozilla Firefox\\\\firefox.exe" "-marionette" "--headless" "--disable-gpu" "-foreground" "-no-remote" "-profile" "C:\\Users\\Muhammad Bilal\\AppData\\Local\\Temp\\rust_mozprofiley2b0ks"
*** You are running in headless mode.
JavaScript error: resource://gre/modules/XULStore.jsm, line 66: Error: Can't find profile directory.
console.warn: SearchSettings: "get: No settings file exists, new profile?" (new Error("", "(unknown module)"))
1618854898833	Marionette	INFO	Listening on port 50379
1618854898931	Marionette	WARN	TLS certificate errors will be ignored for this session
1618854906684	Marionette	INFO	Stopped listening on port 50379
